<?xml version="1.0" encoding="UTF-8"?>
<testsuite name="com.example.chatbot.domain.analytics.AnalyticsControllerTest" tests="7" skipped="0" failures="0" errors="0" timestamp="2026-02-27T04:32:57" hostname="userui-MacBookPro.local" time="0.191">
  <properties/>
  <testcase name="인증 없이 활동 통계 접근 - 401()" classname="com.example.chatbot.domain.analytics.AnalyticsControllerTest" time="0.106"/>
  <testcase name="MEMBER 활동 통계 접근 - 403()" classname="com.example.chatbot.domain.analytics.AnalyticsControllerTest" time="0.02"/>
  <testcase name="ADMIN 활동 통계 조회 성공 - 200()" classname="com.example.chatbot.domain.analytics.AnalyticsControllerTest" time="0.047"/>
  <testcase name="CSV 헤더 컬럼 확인()" classname="com.example.chatbot.domain.analytics.AnalyticsControllerTest" time="0.004"/>
  <testcase name="응답에 from-to 24시간 범위 포함 확인()" classname="com.example.chatbot.domain.analytics.AnalyticsControllerTest" time="0.003"/>
  <testcase name="ADMIN CSV 보고서 다운로드 성공 - 200()" classname="com.example.chatbot.domain.analytics.AnalyticsControllerTest" time="0.003"/>
  <testcase name="MEMBER CSV 보고서 접근 - 403()" classname="com.example.chatbot.domain.analytics.AnalyticsControllerTest" time="0.002"/>
  <system-out><![CDATA[13:32:56.310 [Test worker] INFO org.springframework.test.context.support.AnnotationConfigContextLoaderUtils -- Could not detect default configuration classes for test class [com.example.chatbot.domain.analytics.AnalyticsControllerTest]: AnalyticsControllerTest does not declare any static, non-private, non-final, nested classes annotated with @Configuration.
13:32:56.433 [Test worker] INFO org.springframework.boot.test.context.SpringBootTestContextBootstrapper -- Found @SpringBootConfiguration com.example.chatbot.ChatbotApplication for test class com.example.chatbot.domain.analytics.AnalyticsControllerTest

  .   ____          _            __ _ _
 /\\ / ___'_ __ _ _(_)_ __  __ _ \ \ \ \
( ( )\___ | '_ | '_| | '_ \/ _` | \ \ \ \
 \\/  ___)| |_)| | | | | || (_| |  ) ) ) )
  '  |____| .__|_| |_|_| |_\__, | / / / /
 =========|_|==============|___/=/_/_/_/
 :: Spring Boot ::                (v3.2.3)

2026-02-27T13:32:56.588+09:00  INFO 30903 --- [    Test worker] c.e.c.d.a.AnalyticsControllerTest        : Starting AnalyticsControllerTest using Java 21.0.10 with PID 30903 (started by user in /Users/user/Desktop/project)
2026-02-27T13:32:56.588+09:00  INFO 30903 --- [    Test worker] c.e.c.d.a.AnalyticsControllerTest        : No active profile set, falling back to 1 default profile: "default"
2026-02-27T13:32:57.333+09:00  WARN 30903 --- [    Test worker] .s.s.UserDetailsServiceAutoConfiguration : 

Using generated security password: d6096668-2cb6-4ded-b4d2-601e17b566ad

This generated password is for development use only. Your security configuration must be updated before running your application in production.

2026-02-27T13:32:57.437+09:00  INFO 30903 --- [    Test worker] o.s.s.web.DefaultSecurityFilterChain     : Will secure any request with [org.springframework.security.web.session.DisableEncodeUrlFilter@3387ab0, org.springframework.security.web.context.request.async.WebAsyncManagerIntegrationFilter@470f0637, org.springframework.security.web.context.SecurityContextHolderFilter@30ed4034, org.springframework.security.web.header.HeaderWriterFilter@21c5c68a, org.springframework.web.filter.CorsFilter@6b278b17, org.springframework.security.web.authentication.logout.LogoutFilter@48f4264e, com.example.chatbot.common.security.JwtAuthenticationFilter@645d4639, org.springframework.security.web.savedrequest.RequestCacheAwareFilter@77e6053, org.springframework.security.web.servletapi.SecurityContextHolderAwareRequestFilter@7097d921, org.springframework.security.web.authentication.AnonymousAuthenticationFilter@2ae5580, org.springframework.security.web.session.SessionManagementFilter@4a2dbcfc, org.springframework.security.web.access.ExceptionTranslationFilter@215a329c, org.springframework.security.web.access.intercept.AuthorizationFilter@234ce7ff]
2026-02-27T13:32:57.546+09:00  INFO 30903 --- [    Test worker] o.s.b.t.m.w.SpringBootMockServletContext : Initializing Spring TestDispatcherServlet ''
2026-02-27T13:32:57.547+09:00  INFO 30903 --- [    Test worker] o.s.t.web.servlet.TestDispatcherServlet  : Initializing Servlet ''
2026-02-27T13:32:57.547+09:00  INFO 30903 --- [    Test worker] o.s.t.web.servlet.TestDispatcherServlet  : Completed initialization in 0 ms
2026-02-27T13:32:57.581+09:00  INFO 30903 --- [    Test worker] c.e.c.d.a.AnalyticsControllerTest        : Started AnalyticsControllerTest in 1.096 seconds (process running for 1.558)
]]></system-out>
  <system-err><![CDATA[WARNING: A Java agent has been loaded dynamically (/Users/user/.gradle/caches/modules-2/files-2.1/net.bytebuddy/byte-buddy-agent/1.14.12/be4984cb6fd1ef1d11f218a648889dfda44b8a15/byte-buddy-agent-1.14.12.jar)
WARNING: If a serviceability tool is in use, please run with -XX:+EnableDynamicAgentLoading to hide this warning
WARNING: If a serviceability tool is not in use, please run with -Djdk.instrument.traceUsage for more information
WARNING: Dynamic loading of agents will be disallowed by default in a future release
]]></system-err>
</testsuite>
