<?xml version="1.0" encoding="UTF-8"?>
<testsuite name="com.example.chatbot.domain.chat.ChatControllerTest" tests="13" skipped="0" failures="0" errors="0" timestamp="2026-02-27T04:32:58" hostname="userui-MacBookPro.local" time="0.164">
  <properties/>
  <testcase name="OpenAI 오류 - 502()" classname="com.example.chatbot.domain.chat.ChatControllerTest" time="0.028"/>
  <testcase name="페이지네이션 파라미터 동작()" classname="com.example.chatbot.domain.chat.ChatControllerTest" time="0.087"/>
  <testcase name="정상 non-streaming 대화 생성 - 200()" classname="com.example.chatbot.domain.chat.ChatControllerTest" time="0.005"/>
  <testcase name="question 누락 - 400()" classname="com.example.chatbot.domain.chat.ChatControllerTest" time="0.002"/>
  <testcase name="MEMBER 본인 스레드 목록 조회()" classname="com.example.chatbot.domain.chat.ChatControllerTest" time="0.007"/>
  <testcase name="ADMIN 타인 스레드 삭제 - 204()" classname="com.example.chatbot.domain.chat.ChatControllerTest" time="0.016"/>
  <testcase name="본인 스레드 삭제 - 204()" classname="com.example.chatbot.domain.chat.ChatControllerTest" time="0.003"/>
  <testcase name="타인 스레드 삭제 시도 MEMBER - 403()" classname="com.example.chatbot.domain.chat.ChatControllerTest" time="0.003"/>
  <testcase name="인증 없음 - 401()" classname="com.example.chatbot.domain.chat.ChatControllerTest" time="0.001"/>
  <testcase name="존재하지 않는 스레드 삭제 - 404()" classname="com.example.chatbot.domain.chat.ChatControllerTest" time="0.002"/>
  <testcase name="DELETE thread 인증 없음 - 401()" classname="com.example.chatbot.domain.chat.ChatControllerTest" time="0.002"/>
  <testcase name="GET chats 인증 없음 - 401()" classname="com.example.chatbot.domain.chat.ChatControllerTest" time="0.001"/>
  <testcase name="커스텀 model 파라미터 적용()" classname="com.example.chatbot.domain.chat.ChatControllerTest" time="0.003"/>
  <system-out><![CDATA[2026-02-27T13:32:58.629+09:00  INFO 30903 --- [    Test worker] t.c.s.AnnotationConfigContextLoaderUtils : Could not detect default configuration classes for test class [com.example.chatbot.domain.chat.ChatControllerTest]: ChatControllerTest does not declare any static, non-private, non-final, nested classes annotated with @Configuration.
2026-02-27T13:32:58.640+09:00  INFO 30903 --- [    Test worker] .b.t.c.SpringBootTestContextBootstrapper : Found @SpringBootConfiguration com.example.chatbot.ChatbotApplication for test class com.example.chatbot.domain.chat.ChatControllerTest

  .   ____          _            __ _ _
 /\\ / ___'_ __ _ _(_)_ __  __ _ \ \ \ \
( ( )\___ | '_ | '_| | '_ \/ _` | \ \ \ \
 \\/  ___)| |_)| | | | | || (_| |  ) ) ) )
  '  |____| .__|_| |_|_| |_\__, | / / / /
 =========|_|==============|___/=/_/_/_/
 :: Spring Boot ::                (v3.2.3)

2026-02-27T13:32:58.650+09:00  INFO 30903 --- [    Test worker] c.e.c.domain.chat.ChatControllerTest     : Starting ChatControllerTest using Java 21.0.10 with PID 30903 (started by user in /Users/user/Desktop/project)
2026-02-27T13:32:58.650+09:00  INFO 30903 --- [    Test worker] c.e.c.domain.chat.ChatControllerTest     : No active profile set, falling back to 1 default profile: "default"
2026-02-27T13:32:58.742+09:00  WARN 30903 --- [    Test worker] .s.s.UserDetailsServiceAutoConfiguration : 

Using generated security password: 533da41f-80a0-44ac-acc5-7227d42d3582

This generated password is for development use only. Your security configuration must be updated before running your application in production.

2026-02-27T13:32:58.763+09:00  INFO 30903 --- [    Test worker] o.s.s.web.DefaultSecurityFilterChain     : Will secure any request with [org.springframework.security.web.session.DisableEncodeUrlFilter@207fce87, org.springframework.security.web.context.request.async.WebAsyncManagerIntegrationFilter@67171221, org.springframework.security.web.context.SecurityContextHolderFilter@55cd41f7, org.springframework.security.web.header.HeaderWriterFilter@6b09fcda, org.springframework.web.filter.CorsFilter@2f3a3fec, org.springframework.security.web.authentication.logout.LogoutFilter@4b9187de, com.example.chatbot.common.security.JwtAuthenticationFilter@200ef05b, org.springframework.security.web.savedrequest.RequestCacheAwareFilter@2ff30a75, org.springframework.security.web.servletapi.SecurityContextHolderAwareRequestFilter@b38dc7d, org.springframework.security.web.authentication.AnonymousAuthenticationFilter@1d7d2345, org.springframework.security.web.session.SessionManagementFilter@5cf4c93, org.springframework.security.web.access.ExceptionTranslationFilter@316975be, org.springframework.security.web.access.intercept.AuthorizationFilter@31906cb2]
2026-02-27T13:32:58.781+09:00  INFO 30903 --- [    Test worker] o.s.b.t.m.w.SpringBootMockServletContext : Initializing Spring TestDispatcherServlet ''
2026-02-27T13:32:58.782+09:00  INFO 30903 --- [    Test worker] o.s.t.web.servlet.TestDispatcherServlet  : Initializing Servlet ''
2026-02-27T13:32:58.782+09:00  INFO 30903 --- [    Test worker] o.s.t.web.servlet.TestDispatcherServlet  : Completed initialization in 0 ms
2026-02-27T13:32:58.785+09:00  INFO 30903 --- [    Test worker] c.e.c.domain.chat.ChatControllerTest     : Started ChatControllerTest in 0.142 seconds (process running for 2.762)
]]></system-out>
  <system-err><![CDATA[]]></system-err>
</testsuite>
