<?xml version="1.0" encoding="UTF-8"?>
<testsuite name="com.example.chatbot.domain.auth.AuthControllerTest" tests="9" skipped="0" failures="0" errors="0" timestamp="2026-02-27T05:19:09" hostname="userui-MacBookPro.local" time="0.108">
  <properties/>
  <testcase name="토큰 없이 인증 필요 API 접근 - 401()" classname="com.example.chatbot.domain.auth.AuthControllerTest" time="0.009"/>
  <testcase name="이름 누락 - 400()" classname="com.example.chatbot.domain.auth.AuthControllerTest" time="0.006"/>
  <testcase name="이메일 형식 오류 - 400()" classname="com.example.chatbot.domain.auth.AuthControllerTest" time="0.011"/>
  <testcase name="정상 회원가입 성공 - 201()" classname="com.example.chatbot.domain.auth.AuthControllerTest" time="0.034"/>
  <testcase name="이메일 중복 - 409()" classname="com.example.chatbot.domain.auth.AuthControllerTest" time="0.004"/>
  <testcase name="이메일 불일치 - 401()" classname="com.example.chatbot.domain.auth.AuthControllerTest" time="0.028"/>
  <testcase name="패스워드 누락 - 400()" classname="com.example.chatbot.domain.auth.AuthControllerTest" time="0.003"/>
  <testcase name="패스워드 불일치 - 401()" classname="com.example.chatbot.domain.auth.AuthControllerTest" time="0.004"/>
  <testcase name="정상 로그인 성공 - JWT 발급 - 200()" classname="com.example.chatbot.domain.auth.AuthControllerTest" time="0.005"/>
  <system-out><![CDATA[2026-02-27T14:19:08.914+09:00  INFO 34013 --- [    Test worker] t.c.s.AnnotationConfigContextLoaderUtils : Could not detect default configuration classes for test class [com.example.chatbot.domain.auth.AuthControllerTest]: AuthControllerTest does not declare any static, non-private, non-final, nested classes annotated with @Configuration.
2026-02-27T14:19:08.939+09:00  INFO 34013 --- [    Test worker] .b.t.c.SpringBootTestContextBootstrapper : Found @SpringBootConfiguration com.example.chatbot.ChatbotApplication for test class com.example.chatbot.domain.auth.AuthControllerTest

  .   ____          _            __ _ _
 /\\ / ___'_ __ _ _(_)_ __  __ _ \ \ \ \
( ( )\___ | '_ | '_| | '_ \/ _` | \ \ \ \
 \\/  ___)| |_)| | | | | || (_| |  ) ) ) )
  '  |____| .__|_| |_|_| |_\__, | / / / /
 =========|_|==============|___/=/_/_/_/

 :: Spring Boot ::                (v3.3.6)

2026-02-27T14:19:08.959+09:00  INFO 34013 --- [    Test worker] c.e.c.domain.auth.AuthControllerTest     : Starting AuthControllerTest using Java 21.0.10 with PID 34013 (started by user in /Users/user/Desktop/project)
2026-02-27T14:19:08.959+09:00  INFO 34013 --- [    Test worker] c.e.c.domain.auth.AuthControllerTest     : No active profile set, falling back to 1 default profile: "default"
2026-02-27T14:19:09.190+09:00  WARN 34013 --- [    Test worker] .s.s.UserDetailsServiceAutoConfiguration : 

Using generated security password: 30b1b815-a4c2-4731-95af-187ba5f35605

This generated password is for development use only. Your security configuration must be updated before running your application in production.

2026-02-27T14:19:09.190+09:00  INFO 34013 --- [    Test worker] r$InitializeUserDetailsManagerConfigurer : Global AuthenticationManager configured with UserDetailsService bean with name inMemoryUserDetailsManager
2026-02-27T14:19:09.248+09:00  INFO 34013 --- [    Test worker] o.s.b.t.m.w.SpringBootMockServletContext : Initializing Spring TestDispatcherServlet ''
2026-02-27T14:19:09.248+09:00  INFO 34013 --- [    Test worker] o.s.t.web.servlet.TestDispatcherServlet  : Initializing Servlet ''
2026-02-27T14:19:09.249+09:00  INFO 34013 --- [    Test worker] o.s.t.web.servlet.TestDispatcherServlet  : Completed initialization in 1 ms
2026-02-27T14:19:09.253+09:00  INFO 34013 --- [    Test worker] c.e.c.domain.auth.AuthControllerTest     : Started AuthControllerTest in 0.31 seconds (process running for 5.432)
]]></system-out>
  <system-err><![CDATA[]]></system-err>
</testsuite>
