<?xml version="1.0" encoding="UTF-8"?>
<testsuite name="com.example.chatbot.domain.auth.AuthControllerTest" tests="9" skipped="0" failures="0" errors="0" timestamp="2026-02-27T04:32:57" hostname="userui-MacBookPro.local" time="0.126">
  <properties/>
  <testcase name="토큰 없이 인증 필요 API 접근 - 401()" classname="com.example.chatbot.domain.auth.AuthControllerTest" time="0.008"/>
  <testcase name="이름 누락 - 400()" classname="com.example.chatbot.domain.auth.AuthControllerTest" time="0.016"/>
  <testcase name="이메일 형식 오류 - 400()" classname="com.example.chatbot.domain.auth.AuthControllerTest" time="0.025"/>
  <testcase name="정상 회원가입 성공 - 201()" classname="com.example.chatbot.domain.auth.AuthControllerTest" time="0.037"/>
  <testcase name="이메일 중복 - 409()" classname="com.example.chatbot.domain.auth.AuthControllerTest" time="0.004"/>
  <testcase name="이메일 불일치 - 401()" classname="com.example.chatbot.domain.auth.AuthControllerTest" time="0.022"/>
  <testcase name="패스워드 누락 - 400()" classname="com.example.chatbot.domain.auth.AuthControllerTest" time="0.002"/>
  <testcase name="패스워드 불일치 - 401()" classname="com.example.chatbot.domain.auth.AuthControllerTest" time="0.003"/>
  <testcase name="정상 로그인 성공 - JWT 발급 - 200()" classname="com.example.chatbot.domain.auth.AuthControllerTest" time="0.005"/>
  <system-out><![CDATA[2026-02-27T13:32:57.779+09:00  INFO 30903 --- [    Test worker] t.c.s.AnnotationConfigContextLoaderUtils : Could not detect default configuration classes for test class [com.example.chatbot.domain.auth.AuthControllerTest]: AuthControllerTest does not declare any static, non-private, non-final, nested classes annotated with @Configuration.
2026-02-27T13:32:57.792+09:00  INFO 30903 --- [    Test worker] .b.t.c.SpringBootTestContextBootstrapper : Found @SpringBootConfiguration com.example.chatbot.ChatbotApplication for test class com.example.chatbot.domain.auth.AuthControllerTest

  .   ____          _            __ _ _
 /\\ / ___'_ __ _ _(_)_ __  __ _ \ \ \ \
( ( )\___ | '_ | '_| | '_ \/ _` | \ \ \ \
 \\/  ___)| |_)| | | | | || (_| |  ) ) ) )
  '  |____| .__|_| |_|_| |_\__, | / / / /
 =========|_|==============|___/=/_/_/_/
 :: Spring Boot ::                (v3.2.3)

2026-02-27T13:32:57.804+09:00  INFO 30903 --- [    Test worker] c.e.c.domain.auth.AuthControllerTest     : Starting AuthControllerTest using Java 21.0.10 with PID 30903 (started by user in /Users/user/Desktop/project)
2026-02-27T13:32:57.804+09:00  INFO 30903 --- [    Test worker] c.e.c.domain.auth.AuthControllerTest     : No active profile set, falling back to 1 default profile: "default"
2026-02-27T13:32:57.919+09:00  WARN 30903 --- [    Test worker] .s.s.UserDetailsServiceAutoConfiguration : 

Using generated security password: 6177dd2a-3c53-4db5-950d-34592d02e7a9

This generated password is for development use only. Your security configuration must be updated before running your application in production.

2026-02-27T13:32:57.941+09:00  INFO 30903 --- [    Test worker] o.s.s.web.DefaultSecurityFilterChain     : Will secure any request with [org.springframework.security.web.session.DisableEncodeUrlFilter@4ed90b04, org.springframework.security.web.context.request.async.WebAsyncManagerIntegrationFilter@686ace1f, org.springframework.security.web.context.SecurityContextHolderFilter@313a3af8, org.springframework.security.web.header.HeaderWriterFilter@1e834a5b, org.springframework.web.filter.CorsFilter@7dd92a36, org.springframework.security.web.authentication.logout.LogoutFilter@4e9d1119, com.example.chatbot.common.security.JwtAuthenticationFilter@3070f59f, org.springframework.security.web.savedrequest.RequestCacheAwareFilter@19240b9, org.springframework.security.web.servletapi.SecurityContextHolderAwareRequestFilter@5471342, org.springframework.security.web.authentication.AnonymousAuthenticationFilter@531ed68e, org.springframework.security.web.session.SessionManagementFilter@7fda84cf, org.springframework.security.web.access.ExceptionTranslationFilter@53bc6492, org.springframework.security.web.access.intercept.AuthorizationFilter@6079d219]
2026-02-27T13:32:57.964+09:00  INFO 30903 --- [    Test worker] o.s.b.t.m.w.SpringBootMockServletContext : Initializing Spring TestDispatcherServlet ''
2026-02-27T13:32:57.964+09:00  INFO 30903 --- [    Test worker] o.s.t.web.servlet.TestDispatcherServlet  : Initializing Servlet ''
2026-02-27T13:32:57.965+09:00  INFO 30903 --- [    Test worker] o.s.t.web.servlet.TestDispatcherServlet  : Completed initialization in 1 ms
2026-02-27T13:32:57.968+09:00  INFO 30903 --- [    Test worker] c.e.c.domain.auth.AuthControllerTest     : Started AuthControllerTest in 0.173 seconds (process running for 1.945)
]]></system-out>
  <system-err><![CDATA[]]></system-err>
</testsuite>
