<?xml version="1.0" encoding="UTF-8"?>
<testsuite name="com.example.chatbot.domain.feedback.FeedbackControllerTest" tests="13" skipped="0" failures="0" errors="0" timestamp="2026-02-27T04:32:59" hostname="userui-MacBookPro.local" time="0.106">
  <properties/>
  <testcase name="페이지네이션 동작()" classname="com.example.chatbot.domain.feedback.FeedbackControllerTest" time="0.013"/>
  <testcase name="isPositive false 필터()" classname="com.example.chatbot.domain.feedback.FeedbackControllerTest" time="0.011"/>
  <testcase name="본인 대화 피드백 생성 성공 - 201()" classname="com.example.chatbot.domain.feedback.FeedbackControllerTest" time="0.024"/>
  <testcase name="ADMIN 피드백 상태 변경 성공 - 200()" classname="com.example.chatbot.domain.feedback.FeedbackControllerTest" time="0.022"/>
  <testcase name="MEMBER 타인 대화 피드백 - 403()" classname="com.example.chatbot.domain.feedback.FeedbackControllerTest" time="0.003"/>
  <testcase name="MEMBER 본인 피드백 목록 조회()" classname="com.example.chatbot.domain.feedback.FeedbackControllerTest" time="0.007"/>
  <testcase name="ADMIN 타인 대화 피드백 생성 성공 - 201()" classname="com.example.chatbot.domain.feedback.FeedbackControllerTest" time="0.003"/>
  <testcase name="isPositive true 필터()" classname="com.example.chatbot.domain.feedback.FeedbackControllerTest" time="0.006"/>
  <testcase name="인증 없음 - 401()" classname="com.example.chatbot.domain.feedback.FeedbackControllerTest" time="0.001"/>
  <testcase name="존재하지 않는 chatId - 404()" classname="com.example.chatbot.domain.feedback.FeedbackControllerTest" time="0.003"/>
  <testcase name="동일 대화 중복 피드백 - 409()" classname="com.example.chatbot.domain.feedback.FeedbackControllerTest" time="0.003"/>
  <testcase name="존재하지 않는 feedbackId - 404()" classname="com.example.chatbot.domain.feedback.FeedbackControllerTest" time="0.003"/>
  <testcase name="MEMBER 상태 변경 시도 - 403()" classname="com.example.chatbot.domain.feedback.FeedbackControllerTest" time="0.002"/>
  <system-out><![CDATA[2026-02-27T13:32:59.141+09:00  INFO 30903 --- [    Test worker] t.c.s.AnnotationConfigContextLoaderUtils : Could not detect default configuration classes for test class [com.example.chatbot.domain.feedback.FeedbackControllerTest]: FeedbackControllerTest does not declare any static, non-private, non-final, nested classes annotated with @Configuration.
2026-02-27T13:32:59.150+09:00  INFO 30903 --- [    Test worker] .b.t.c.SpringBootTestContextBootstrapper : Found @SpringBootConfiguration com.example.chatbot.ChatbotApplication for test class com.example.chatbot.domain.feedback.FeedbackControllerTest

  .   ____          _            __ _ _
 /\\ / ___'_ __ _ _(_)_ __  __ _ \ \ \ \
( ( )\___ | '_ | '_| | '_ \/ _` | \ \ \ \
 \\/  ___)| |_)| | | | | || (_| |  ) ) ) )
  '  |____| .__|_| |_|_| |_\__, | / / / /
 =========|_|==============|___/=/_/_/_/
 :: Spring Boot ::                (v3.2.3)

2026-02-27T13:32:59.158+09:00  INFO 30903 --- [    Test worker] c.e.c.d.feedback.FeedbackControllerTest  : Starting FeedbackControllerTest using Java 21.0.10 with PID 30903 (started by user in /Users/user/Desktop/project)
2026-02-27T13:32:59.158+09:00  INFO 30903 --- [    Test worker] c.e.c.d.feedback.FeedbackControllerTest  : No active profile set, falling back to 1 default profile: "default"
2026-02-27T13:32:59.239+09:00  WARN 30903 --- [    Test worker] .s.s.UserDetailsServiceAutoConfiguration : 

Using generated security password: 741f7d43-e20c-494a-ba6d-ec0033b74246

This generated password is for development use only. Your security configuration must be updated before running your application in production.

2026-02-27T13:32:59.253+09:00  INFO 30903 --- [    Test worker] o.s.s.web.DefaultSecurityFilterChain     : Will secure any request with [org.springframework.security.web.session.DisableEncodeUrlFilter@647ea319, org.springframework.security.web.context.request.async.WebAsyncManagerIntegrationFilter@b9271b6, org.springframework.security.web.context.SecurityContextHolderFilter@4d0c609, org.springframework.security.web.header.HeaderWriterFilter@684329d1, org.springframework.web.filter.CorsFilter@9736d7e, org.springframework.security.web.authentication.logout.LogoutFilter@eac35fd, com.example.chatbot.common.security.JwtAuthenticationFilter@1a6804d1, org.springframework.security.web.savedrequest.RequestCacheAwareFilter@3ed3990d, org.springframework.security.web.servletapi.SecurityContextHolderAwareRequestFilter@4faf32a7, org.springframework.security.web.authentication.AnonymousAuthenticationFilter@5c608988, org.springframework.security.web.session.SessionManagementFilter@2dbdd3f2, org.springframework.security.web.access.ExceptionTranslationFilter@4f0ea6f8, org.springframework.security.web.access.intercept.AuthorizationFilter@1a19fbfb]
2026-02-27T13:32:59.268+09:00  INFO 30903 --- [    Test worker] o.s.b.t.m.w.SpringBootMockServletContext : Initializing Spring TestDispatcherServlet ''
2026-02-27T13:32:59.268+09:00  INFO 30903 --- [    Test worker] o.s.t.web.servlet.TestDispatcherServlet  : Initializing Servlet ''
2026-02-27T13:32:59.268+09:00  INFO 30903 --- [    Test worker] o.s.t.web.servlet.TestDispatcherServlet  : Completed initialization in 0 ms
2026-02-27T13:32:59.270+09:00  INFO 30903 --- [    Test worker] c.e.c.d.feedback.FeedbackControllerTest  : Started FeedbackControllerTest in 0.117 seconds (process running for 3.247)
]]></system-out>
  <system-err><![CDATA[]]></system-err>
</testsuite>
