<?xml version="1.0" encoding="UTF-8"?>
<testsuite name="com.example.chatbot.domain.chat.ChatServiceTest" tests="12" skipped="0" failures="0" errors="0" timestamp="2026-02-27T05:19:10" hostname="userui-MacBookPro.local" time="0.151">
  <properties/>
  <testcase name="30분 초과 - 새 스레드 생성()" classname="com.example.chatbot.domain.chat.ChatServiceTest" time="0.12"/>
  <testcase name="ADMIN은 타인 스레드 삭제 가능()" classname="com.example.chatbot.domain.chat.ChatServiceTest" time="0.002"/>
  <testcase name="이전 대화 히스토리가 messages에 포함된다()" classname="com.example.chatbot.domain.chat.ChatServiceTest" time="0.006"/>
  <testcase name="첫 질문 - 스레드가 없으면 새 스레드 생성()" classname="com.example.chatbot.domain.chat.ChatServiceTest" time="0.003"/>
  <testcase name="OpenAI 오류 시 OpenAiException 발생()" classname="com.example.chatbot.domain.chat.ChatServiceTest" time="0.001"/>
  <testcase name="타인 스레드 삭제 시도 - MEMBER - ForbiddenException()" classname="com.example.chatbot.domain.chat.ChatServiceTest" time="0.001"/>
  <testcase name="30분 이내 - 기존 스레드 재사용()" classname="com.example.chatbot.domain.chat.ChatServiceTest" time="0.004"/>
  <testcase name="정상 대화 생성 성공()" classname="com.example.chatbot.domain.chat.ChatServiceTest" time="0.002"/>
  <testcase name="존재하지 않는 스레드 삭제 - ThreadNotFoundException()" classname="com.example.chatbot.domain.chat.ChatServiceTest" time="0.001"/>
  <testcase name="정확히 30분 경계값 - 새 스레드 생성()" classname="com.example.chatbot.domain.chat.ChatServiceTest" time="0.003"/>
  <testcase name="커스텀 model 파라미터 적용()" classname="com.example.chatbot.domain.chat.ChatServiceTest" time="0.003"/>
  <testcase name="본인 스레드 삭제 성공()" classname="com.example.chatbot.domain.chat.ChatServiceTest" time="0.001"/>
  <system-out><![CDATA[]]></system-out>
  <system-err><![CDATA[]]></system-err>
</testsuite>
