<?xml version="1.0" encoding="UTF-8"?>
<testsuite name="com.example.chatbot.domain.document.DocumentControllerTest" tests="8" skipped="0" failures="0" errors="0" timestamp="2026-02-27T05:19:10" hostname="userui-MacBookPro.local" time="0.059">
  <properties/>
  <testcase name="MEMBER 문서 업로드 시 403()" classname="com.example.chatbot.domain.document.DocumentControllerTest" time="0.007"/>
  <testcase name="ADMIN 문서 목록 조회 성공 - 200()" classname="com.example.chatbot.domain.document.DocumentControllerTest" time="0.005"/>
  <testcase name="ADMIN 문서 업로드 성공 - 201()" classname="com.example.chatbot.domain.document.DocumentControllerTest" time="0.026"/>
  <testcase name="빈 name으로 요청 시 400()" classname="com.example.chatbot.domain.document.DocumentControllerTest" time="0.007"/>
  <testcase name="빈 content로 요청 시 400()" classname="com.example.chatbot.domain.document.DocumentControllerTest" time="0.004"/>
  <testcase name="인증 없이 문서 목록 조회 시 401()" classname="com.example.chatbot.domain.document.DocumentControllerTest" time="0.001"/>
  <testcase name="인증 없이 문서 업로드 시 401()" classname="com.example.chatbot.domain.document.DocumentControllerTest" time="0.001"/>
  <testcase name="MEMBER 문서 목록 조회 시 403()" classname="com.example.chatbot.domain.document.DocumentControllerTest" time="0.002"/>
  <system-out><![CDATA[2026-02-27T14:19:10.533+09:00  INFO 34013 --- [    Test worker] t.c.s.AnnotationConfigContextLoaderUtils : Could not detect default configuration classes for test class [com.example.chatbot.domain.document.DocumentControllerTest]: DocumentControllerTest does not declare any static, non-private, non-final, nested classes annotated with @Configuration.
2026-02-27T14:19:10.551+09:00  INFO 34013 --- [    Test worker] .b.t.c.SpringBootTestContextBootstrapper : Found @SpringBootConfiguration com.example.chatbot.ChatbotApplication for test class com.example.chatbot.domain.document.DocumentControllerTest

  .   ____          _            __ _ _
 /\\ / ___'_ __ _ _(_)_ __  __ _ \ \ \ \
( ( )\___ | '_ | '_| | '_ \/ _` | \ \ \ \
 \\/  ___)| |_)| | | | | || (_| |  ) ) ) )
  '  |____| .__|_| |_|_| |_\__, | / / / /
 =========|_|==============|___/=/_/_/_/

 :: Spring Boot ::                (v3.3.6)

2026-02-27T14:19:10.565+09:00  INFO 34013 --- [    Test worker] c.e.c.d.document.DocumentControllerTest  : Starting DocumentControllerTest using Java 21.0.10 with PID 34013 (started by user in /Users/user/Desktop/project)
2026-02-27T14:19:10.565+09:00  INFO 34013 --- [    Test worker] c.e.c.d.document.DocumentControllerTest  : No active profile set, falling back to 1 default profile: "default"
2026-02-27T14:19:10.726+09:00  WARN 34013 --- [    Test worker] .s.s.UserDetailsServiceAutoConfiguration : 

Using generated security password: dba7a9cc-430e-4316-8632-04426150d485

This generated password is for development use only. Your security configuration must be updated before running your application in production.

2026-02-27T14:19:10.727+09:00  INFO 34013 --- [    Test worker] r$InitializeUserDetailsManagerConfigurer : Global AuthenticationManager configured with UserDetailsService bean with name inMemoryUserDetailsManager
2026-02-27T14:19:10.774+09:00  INFO 34013 --- [    Test worker] o.s.b.t.m.w.SpringBootMockServletContext : Initializing Spring TestDispatcherServlet ''
2026-02-27T14:19:10.774+09:00  INFO 34013 --- [    Test worker] o.s.t.web.servlet.TestDispatcherServlet  : Initializing Servlet ''
2026-02-27T14:19:10.774+09:00  INFO 34013 --- [    Test worker] o.s.t.web.servlet.TestDispatcherServlet  : Completed initialization in 0 ms
2026-02-27T14:19:10.778+09:00  INFO 34013 --- [    Test worker] c.e.c.d.document.DocumentControllerTest  : Started DocumentControllerTest in 0.224 seconds (process running for 6.957)
]]></system-out>
  <system-err><![CDATA[]]></system-err>
</testsuite>
