<?xml version="1.0" encoding="UTF-8"?>
<testsuite name="com.example.chatbot.domain.analytics.AnalyticsControllerTest" tests="7" skipped="0" failures="0" errors="0" timestamp="2026-02-27T04:59:57" hostname="userui-MacBookPro.local" time="0.196">
  <properties/>
  <testcase name="인증 없이 활동 통계 접근 - 401()" classname="com.example.chatbot.domain.analytics.AnalyticsControllerTest" time="0.105"/>
  <testcase name="MEMBER 활동 통계 접근 - 403()" classname="com.example.chatbot.domain.analytics.AnalyticsControllerTest" time="0.022"/>
  <testcase name="ADMIN 활동 통계 조회 성공 - 200()" classname="com.example.chatbot.domain.analytics.AnalyticsControllerTest" time="0.05"/>
  <testcase name="CSV 헤더 컬럼 확인()" classname="com.example.chatbot.domain.analytics.AnalyticsControllerTest" time="0.005"/>
  <testcase name="응답에 from-to 24시간 범위 포함 확인()" classname="com.example.chatbot.domain.analytics.AnalyticsControllerTest" time="0.003"/>
  <testcase name="ADMIN CSV 보고서 다운로드 성공 - 200()" classname="com.example.chatbot.domain.analytics.AnalyticsControllerTest" time="0.003"/>
  <testcase name="MEMBER CSV 보고서 접근 - 403()" classname="com.example.chatbot.domain.analytics.AnalyticsControllerTest" time="0.002"/>
  <system-out><![CDATA[13:59:56.157 [Test worker] INFO org.springframework.test.context.support.AnnotationConfigContextLoaderUtils -- Could not detect default configuration classes for test class [com.example.chatbot.domain.analytics.AnalyticsControllerTest]: AnalyticsControllerTest does not declare any static, non-private, non-final, nested classes annotated with @Configuration.
13:59:56.289 [Test worker] INFO org.springframework.boot.test.context.SpringBootTestContextBootstrapper -- Found @SpringBootConfiguration com.example.chatbot.ChatbotApplication for test class com.example.chatbot.domain.analytics.AnalyticsControllerTest

  .   ____          _            __ _ _
 /\\ / ___'_ __ _ _(_)_ __  __ _ \ \ \ \
( ( )\___ | '_ | '_| | '_ \/ _` | \ \ \ \
 \\/  ___)| |_)| | | | | || (_| |  ) ) ) )
  '  |____| .__|_| |_|_| |_\__, | / / / /
 =========|_|==============|___/=/_/_/_/

 :: Spring Boot ::                (v3.3.6)

2026-02-27T13:59:56.452+09:00  INFO 31620 --- [    Test worker] c.e.c.d.a.AnalyticsControllerTest        : Starting AnalyticsControllerTest using Java 21.0.10 with PID 31620 (started by user in /Users/user/Desktop/project)
2026-02-27T13:59:56.453+09:00  INFO 31620 --- [    Test worker] c.e.c.d.a.AnalyticsControllerTest        : No active profile set, falling back to 1 default profile: "default"
2026-02-27T13:59:57.207+09:00  WARN 31620 --- [    Test worker] .s.s.UserDetailsServiceAutoConfiguration : 

Using generated security password: a057e222-9393-4e8e-b966-2f326d04d039

This generated password is for development use only. Your security configuration must be updated before running your application in production.

2026-02-27T13:59:57.210+09:00  INFO 31620 --- [    Test worker] r$InitializeUserDetailsManagerConfigurer : Global AuthenticationManager configured with UserDetailsService bean with name inMemoryUserDetailsManager
2026-02-27T13:59:57.424+09:00  INFO 31620 --- [    Test worker] o.s.b.t.m.w.SpringBootMockServletContext : Initializing Spring TestDispatcherServlet ''
2026-02-27T13:59:57.424+09:00  INFO 31620 --- [    Test worker] o.s.t.web.servlet.TestDispatcherServlet  : Initializing Servlet ''
2026-02-27T13:59:57.425+09:00  INFO 31620 --- [    Test worker] o.s.t.web.servlet.TestDispatcherServlet  : Completed initialization in 1 ms
2026-02-27T13:59:57.460+09:00  INFO 31620 --- [    Test worker] c.e.c.d.a.AnalyticsControllerTest        : Started AnalyticsControllerTest in 1.116 seconds (process running for 1.611)
]]></system-out>
  <system-err><![CDATA[WARNING: A Java agent has been loaded dynamically (/Users/user/.gradle/caches/modules-2/files-2.1/net.bytebuddy/byte-buddy-agent/1.14.19/154da3a65b4f4a909d3e5bdec55d1b2b4cbb6ce1/byte-buddy-agent-1.14.19.jar)
WARNING: If a serviceability tool is in use, please run with -XX:+EnableDynamicAgentLoading to hide this warning
WARNING: If a serviceability tool is not in use, please run with -Djdk.instrument.traceUsage for more information
WARNING: Dynamic loading of agents will be disallowed by default in a future release
]]></system-err>
</testsuite>
