<?xml version="1.0" encoding="UTF-8"?>
<testsuite name="com.example.chatbot.domain.feedback.FeedbackControllerTest" tests="13" skipped="0" failures="0" errors="0" timestamp="2026-02-27T04:59:59" hostname="userui-MacBookPro.local" time="0.108">
  <properties/>
  <testcase name="페이지네이션 동작()" classname="com.example.chatbot.domain.feedback.FeedbackControllerTest" time="0.013"/>
  <testcase name="isPositive false 필터()" classname="com.example.chatbot.domain.feedback.FeedbackControllerTest" time="0.011"/>
  <testcase name="본인 대화 피드백 생성 성공 - 201()" classname="com.example.chatbot.domain.feedback.FeedbackControllerTest" time="0.027"/>
  <testcase name="ADMIN 피드백 상태 변경 성공 - 200()" classname="com.example.chatbot.domain.feedback.FeedbackControllerTest" time="0.022"/>
  <testcase name="MEMBER 타인 대화 피드백 - 403()" classname="com.example.chatbot.domain.feedback.FeedbackControllerTest" time="0.004"/>
  <testcase name="MEMBER 본인 피드백 목록 조회()" classname="com.example.chatbot.domain.feedback.FeedbackControllerTest" time="0.006"/>
  <testcase name="ADMIN 타인 대화 피드백 생성 성공 - 201()" classname="com.example.chatbot.domain.feedback.FeedbackControllerTest" time="0.003"/>
  <testcase name="isPositive true 필터()" classname="com.example.chatbot.domain.feedback.FeedbackControllerTest" time="0.006"/>
  <testcase name="인증 없음 - 401()" classname="com.example.chatbot.domain.feedback.FeedbackControllerTest" time="0.002"/>
  <testcase name="존재하지 않는 chatId - 404()" classname="com.example.chatbot.domain.feedback.FeedbackControllerTest" time="0.002"/>
  <testcase name="동일 대화 중복 피드백 - 409()" classname="com.example.chatbot.domain.feedback.FeedbackControllerTest" time="0.002"/>
  <testcase name="존재하지 않는 feedbackId - 404()" classname="com.example.chatbot.domain.feedback.FeedbackControllerTest" time="0.002"/>
  <testcase name="MEMBER 상태 변경 시도 - 403()" classname="com.example.chatbot.domain.feedback.FeedbackControllerTest" time="0.002"/>
  <system-out><![CDATA[2026-02-27T13:59:59.668+09:00  INFO 31620 --- [    Test worker] t.c.s.AnnotationConfigContextLoaderUtils : Could not detect default configuration classes for test class [com.example.chatbot.domain.feedback.FeedbackControllerTest]: FeedbackControllerTest does not declare any static, non-private, non-final, nested classes annotated with @Configuration.
2026-02-27T13:59:59.678+09:00  INFO 31620 --- [    Test worker] .b.t.c.SpringBootTestContextBootstrapper : Found @SpringBootConfiguration com.example.chatbot.ChatbotApplication for test class com.example.chatbot.domain.feedback.FeedbackControllerTest

  .   ____          _            __ _ _
 /\\ / ___'_ __ _ _(_)_ __  __ _ \ \ \ \
( ( )\___ | '_ | '_| | '_ \/ _` | \ \ \ \
 \\/  ___)| |_)| | | | | || (_| |  ) ) ) )
  '  |____| .__|_| |_|_| |_\__, | / / / /
 =========|_|==============|___/=/_/_/_/

 :: Spring Boot ::                (v3.3.6)

2026-02-27T13:59:59.688+09:00  INFO 31620 --- [    Test worker] c.e.c.d.feedback.FeedbackControllerTest  : Starting FeedbackControllerTest using Java 21.0.10 with PID 31620 (started by user in /Users/user/Desktop/project)
2026-02-27T13:59:59.688+09:00  INFO 31620 --- [    Test worker] c.e.c.d.feedback.FeedbackControllerTest  : No active profile set, falling back to 1 default profile: "default"
2026-02-27T13:59:59.778+09:00  WARN 31620 --- [    Test worker] .s.s.UserDetailsServiceAutoConfiguration : 

Using generated security password: 9c26cafc-fa17-45c6-b462-13f5c50350d4

This generated password is for development use only. Your security configuration must be updated before running your application in production.

2026-02-27T13:59:59.779+09:00  INFO 31620 --- [    Test worker] r$InitializeUserDetailsManagerConfigurer : Global AuthenticationManager configured with UserDetailsService bean with name inMemoryUserDetailsManager
2026-02-27T13:59:59.822+09:00  INFO 31620 --- [    Test worker] o.s.b.t.m.w.SpringBootMockServletContext : Initializing Spring TestDispatcherServlet ''
2026-02-27T13:59:59.822+09:00  INFO 31620 --- [    Test worker] o.s.t.web.servlet.TestDispatcherServlet  : Initializing Servlet ''
2026-02-27T13:59:59.822+09:00  INFO 31620 --- [    Test worker] o.s.t.web.servlet.TestDispatcherServlet  : Completed initialization in 0 ms
2026-02-27T13:59:59.825+09:00  INFO 31620 --- [    Test worker] c.e.c.d.feedback.FeedbackControllerTest  : Started FeedbackControllerTest in 0.144 seconds (process running for 3.976)
]]></system-out>
  <system-err><![CDATA[]]></system-err>
</testsuite>
