<?xml version="1.0" encoding="UTF-8"?>
<testsuite name="com.example.chatbot.domain.auth.AuthServiceTest" tests="5" skipped="0" failures="0" errors="0" timestamp="2026-02-27T05:19:09" hostname="userui-MacBookPro.local" time="0.355">
  <properties/>
  <testcase name="패스워드 불일치 시 InvalidCredentialsException()" classname="com.example.chatbot.domain.auth.AuthServiceTest" time="0.149"/>
  <testcase name="정상 로그인 성공 - JWT 발급()" classname="com.example.chatbot.domain.auth.AuthServiceTest" time="0.14"/>
  <testcase name="정상 회원가입 성공()" classname="com.example.chatbot.domain.auth.AuthServiceTest" time="0.059"/>
  <testcase name="이메일 중복 시 EmailDuplicatedException 발생()" classname="com.example.chatbot.domain.auth.AuthServiceTest" time="0.0"/>
  <testcase name="존재하지 않는 이메일로 로그인 시 InvalidCredentialsException()" classname="com.example.chatbot.domain.auth.AuthServiceTest" time="0.0"/>
  <system-out><![CDATA[]]></system-out>
  <system-err><![CDATA[]]></system-err>
</testsuite>
